0	1	mikrocAVR.exe -MSF -DBG -pATMEGA1281 -RA -C -DL -SSA -O00000005 -fo16 -N"D:\Schedule_Device\Schedule_Device_Levani_Rusishvili_rev_002\DamteniMtavariFile.mcpav" -SP"C:\Users\Public\Documents\Mikroelektronika\mikroC PRO for AVR\Defs\" -SP"C:\Users\Public\Documents\Mikroelektronika\mikroC PRO for AVR\Uses\lte64kw\" -SP"D:\Schedule_Device\Schedule_Device_Levani_Rusishvili_rev_002\" -IP"C:\Users\Public\Documents\Mikroelektronika\mikroC PRO for AVR\Uses\lte64kw\" -IP"D:\Schedule_Device\Schedule_Device_Levani_Rusishvili_rev_002\" "ScheduleDevice.c" "LCD_DT.c" "Config.c" "CMD.c" "IT.c" "__Lib_Math.mcl" "__Lib_MathDouble.mcl" "__Lib_System.mcl" "__Lib_Delays.mcl" "__Lib_CType.mcl" "__Lib_CString.mcl" "__Lib_CStdlib.mcl" "__Lib_CMath.mcl" "__Lib_Sprintf.mcl" "__Lib_Time.mcl" "__Lib_SPI_b1320_x2.mcl" "__Lib_TWI_eio.mcl" "__Lib_UART_e01_d23_eio.mcl" "__Lib_PortExpander.mcl"	 
diagnostics: 0	122	Compilation Started	ATMEGA1281.c
diagnostics: 2700	123	Compiled Successfully	ATMEGA1281.c
diagnostics: 0	122	Compilation Started	__Lib_Delays.c
diagnostics: 170	123	Compiled Successfully	__Lib_Delays.c
diagnostics: 0	122	Compilation Started	config.h
hint: 188	1354	Jumping out of asm block stops SSA optimization	ScheduleDevice.c
hint: 214	1354	Jumping out of asm block stops SSA optimization	ScheduleDevice.c
hint: 240	1354	Jumping out of asm block stops SSA optimization	ScheduleDevice.c
hint: 268	1354	Jumping out of asm block stops SSA optimization	ScheduleDevice.c
hint: 297	1354	Jumping out of asm block stops SSA optimization	ScheduleDevice.c
hint: 328	1354	Jumping out of asm block stops SSA optimization	ScheduleDevice.c
hint: 358	1354	Jumping out of asm block stops SSA optimization	ScheduleDevice.c
hint: 387	1354	Jumping out of asm block stops SSA optimization	ScheduleDevice.c
hint: 417	1354	Jumping out of asm block stops SSA optimization	ScheduleDevice.c
hint: 449	1354	Jumping out of asm block stops SSA optimization	ScheduleDevice.c
hint: 479	1354	Jumping out of asm block stops SSA optimization	ScheduleDevice.c
hint: 509	1354	Jumping out of asm block stops SSA optimization	ScheduleDevice.c
diagnostics: 727	123	Compiled Successfully	ScheduleDevice.c
diagnostics: 0	122	Compilation Started	lcd_dt.h
diagnostics: 552	123	Compiled Successfully	LCD_DT.c
diagnostics: 0	122	Compilation Started	config.h
hint: 0	1004	interrupt handler (UART1_RX_INT at 0x0048)	Config.c
hint: 0	1004	interrupt handler (T0_OVF_INT at 0x002E)	Config.c
warning: 69	1509	Generated baud rate is 117647 bps (error = 2.12 percent)	Config.c
hint: 0	1004	interrupt handler (INT_0 at 0x0002)	Config.c
hint: 0	1004	interrupt handler (Timer_1 at 0x0022)	Config.c
diagnostics: 156	123	Compiled Successfully	Config.c
diagnostics: 0	122	Compilation Started	cmd.h
diagnostics: 17	123	Compiled Successfully	CMD.c
diagnostics: 0	122	Compilation Started	config.h
diagnostics: 1	123	Compiled Successfully	scheduledevice.h
diagnostics: 0	127	All files Compiled in 250 ms	 
hint: 0	1144	Used RX (bytes): 32 (100%)   Free RX (bytes): 0 (0%)	Used RX (bytes): 32 (100%)   Free RX (bytes): 0 (0%)
hint: 0	1144	Static RAM (bytes): 1053   Dynamic RAM (bytes): 7139	Static RAM (bytes): 1053   Dynamic RAM (bytes): 7139
hint: 0	1144	Used ROM (bytes): 19137 (15%)  Free ROM (bytes): 111935 (85%)	Used ROM (bytes): 19137 (15%)  Free ROM (bytes): 111935 (85%)
diagnostics: 0	125	Project Linked Successfully	DamteniMtavariFile.mcpav
diagnostics: 0	128	Linked in 31 ms	 
diagnostics: 0	129	Project 'DamteniMtavariFile.mcpav' completed: 406 ms	 
diagnostics: 0	103	Finished successfully: 05 ??? 2024, 21:49:00	DamteniMtavariFile.mcpav
